Build started 2017/7/20 16:57:03.
     1>Project "D:\code\Skeleton\Skeleton\Skeleton.vcxproj" on node 2 (Build target(s)).
     1>ClCompile:
         D:\software\visual_studio_ultimate_2013\VC\bin\CL.exe /c /ZI /nologo /W3 /WX- /sdl /Od /Oy- /D WIN32 /D _DEBUG /D _CONSOLE /D _LIB /D _CRT_SECURE_NO_WARNINGS /D _UNICODE /D UNICODE /Gm /EHsc /RTC1 /MDd /GS /fp:precise /Zc:wchar_t /Zc:forScope /Fo"Debug\\" /Fd"Debug\vc120.pdb" /Gd /TP /analyze- /errorReport:prompt main.cpp rectModel.cpp rectView.cpp
         rectView.cpp
         rectModel.cpp
     1>d:\code\skeleton\skeleton\rectmodel.cpp(40): warning C4244: '=' : conversion from 'float' to 'int', possible loss of data
     1>d:\code\skeleton\skeleton\rectmodel.cpp(41): warning C4244: '=' : conversion from 'float' to 'int', possible loss of data
     1>d:\code\skeleton\skeleton\rectmodel.cpp(76): warning C4244: '=' : conversion from 'float' to 'int', possible loss of data
     1>d:\code\skeleton\skeleton\rectmodel.cpp(77): warning C4244: '=' : conversion from 'float' to 'int', possible loss of data
         main.cpp
     1>d:\code\skeleton\skeleton\main.cpp(52): warning C4244: 'argument' : conversion from 'int' to 'float', possible loss of data
     1>d:\code\skeleton\skeleton\main.cpp(58): warning C4244: 'argument' : conversion from 'int' to 'float', possible loss of data
         Generating Code...
     1>d:\code\skeleton\skeleton\rectmodel.cpp(45): warning C4715: 'rectModel::onMouseMove' : not all control paths return a value
     1>d:\code\skeleton\skeleton\rectmodel.cpp(56): error C4716: 'rectModel::onMouseRightBtnDown' : must return a value
     1>d:\code\skeleton\skeleton\rectview.cpp(64): warning C4715: 'rectView::DrawImage' : not all control paths return a value
     1>Done Building Project "D:\code\Skeleton\Skeleton\Skeleton.vcxproj" (Build target(s)) -- FAILED.

Build FAILED.

Time Elapsed 00:00:03.34
